{"/Users/fredyzz/Documents/Projects/bon-profit/app/src/components/CategoriesSlider.tsx": {"path":"/Users/fredyzz/Documents/Projects/bon-profit/app/src/components/CategoriesSlider.tsx","statementMap":{"0":{"start":{"line":11,"column":32},"end":{"line":30,"column":1}},"1":{"start":{"line":16,"column":2},"end":{"line":29,"column":4}},"2":{"start":{"line":20,"column":10},"end":{"line":25,"column":12}},"3":{"start":{"line":32,"column":15},"end":{"line":39,"column":2}}},"fnMap":{"0":{"name":"(anonymous_0)","decl":{"start":{"line":11,"column":32},"end":{"line":11,"column":33}},"loc":{"start":{"line":15,"column":19},"end":{"line":30,"column":1}},"line":15},"1":{"name":"(anonymous_1)","decl":{"start":{"line":19,"column":24},"end":{"line":19,"column":25}},"loc":{"start":{"line":20,"column":10},"end":{"line":25,"column":12}},"line":20}},"branchMap":{"0":{"loc":{"start":{"line":24,"column":24},"end":{"line":24,"column":68}},"type":"cond-expr","locations":[{"start":{"line":24,"column":56},"end":{"line":24,"column":60}},{"start":{"line":24,"column":63},"end":{"line":24,"column":68}}],"line":24}},"s":{"0":1,"1":1,"2":2,"3":1},"f":{"0":1,"1":2},"b":{"0":[1,1]},"_coverageSchema":"1a1c01bbd47fc00a2c39e90264f33305004495a9","hash":"6f26216b7df914e8844d0b562bf232ea537bfdac"}
,"/Users/fredyzz/Documents/Projects/bon-profit/app/src/components/CategoryCard.tsx": {"path":"/Users/fredyzz/Documents/Projects/bon-profit/app/src/components/CategoryCard.tsx","statementMap":{"0":{"start":{"line":11,"column":28},"end":{"line":19,"column":1}},"1":{"start":{"line":12,"column":2},"end":{"line":18,"column":9}},"2":{"start":{"line":14,"column":21},"end":{"line":14,"column":39}},"3":{"start":{"line":21,"column":15},"end":{"line":44,"column":2}}},"fnMap":{"0":{"name":"(anonymous_0)","decl":{"start":{"line":11,"column":28},"end":{"line":11,"column":29}},"loc":{"start":{"line":12,"column":2},"end":{"line":18,"column":9}},"line":12},"1":{"name":"(anonymous_1)","decl":{"start":{"line":14,"column":15},"end":{"line":14,"column":16}},"loc":{"start":{"line":14,"column":21},"end":{"line":14,"column":39}},"line":14}},"branchMap":{"0":{"loc":{"start":{"line":12,"column":37},"end":{"line":12,"column":66}},"type":"binary-expr","locations":[{"start":{"line":12,"column":37},"end":{"line":12,"column":47}},{"start":{"line":12,"column":51},"end":{"line":12,"column":66}}],"line":12},"1":{"loc":{"start":{"line":16,"column":19},"end":{"line":16,"column":48}},"type":"binary-expr","locations":[{"start":{"line":16,"column":19},"end":{"line":16,"column":29}},{"start":{"line":16,"column":33},"end":{"line":16,"column":48}}],"line":16}},"s":{"0":2,"1":3,"2":1,"3":2},"f":{"0":3,"1":1},"b":{"0":[3,2],"1":[3,2]},"_coverageSchema":"1a1c01bbd47fc00a2c39e90264f33305004495a9","hash":"aa3adb0ca913e7d49c11aa6aee811c749695a02d"}
,"/Users/fredyzz/Documents/Projects/bon-profit/app/src/theme/colors.tsx": {"path":"/Users/fredyzz/Documents/Projects/bon-profit/app/src/theme/colors.tsx","statementMap":{"0":{"start":{"line":1,"column":22},"end":{"line":7,"column":1}}},"fnMap":{},"branchMap":{},"s":{"0":2},"f":{},"b":{},"_coverageSchema":"1a1c01bbd47fc00a2c39e90264f33305004495a9","hash":"967b0f9ccc969fbf907b097b1f810b484eb127ac"}
}
