{"/Users/fredyzz/Documents/Projects/bon-profit/app/.env.js": {"path":"/Users/fredyzz/Documents/Projects/bon-profit/app/.env.js","statementMap":{"0":{"start":{"line":1,"column":22},"end":{"line":8,"column":1}},"1":{"start":{"line":11,"column":4},"end":{"line":11,"column":24}},"2":{"start":{"line":14,"column":19},"end":{"line":14,"column":35}}},"fnMap":{"0":{"name":"getEnvironment","decl":{"start":{"line":10,"column":9},"end":{"line":10,"column":23}},"loc":{"start":{"line":10,"column":26},"end":{"line":12,"column":1}},"line":10}},"branchMap":{},"s":{"0":1,"1":1,"2":1},"f":{"0":1},"b":{},"_coverageSchema":"1a1c01bbd47fc00a2c39e90264f33305004495a9","hash":"e9878cd178ee65660365c2817409876846ff8182"}
,"/Users/fredyzz/Documents/Projects/bon-profit/app/src/components/CategoriesSlider.tsx": {"path":"/Users/fredyzz/Documents/Projects/bon-profit/app/src/components/CategoriesSlider.tsx","statementMap":{"0":{"start":{"line":11,"column":32},"end":{"line":30,"column":1}},"1":{"start":{"line":16,"column":2},"end":{"line":29,"column":4}},"2":{"start":{"line":20,"column":10},"end":{"line":25,"column":12}},"3":{"start":{"line":32,"column":15},"end":{"line":39,"column":2}}},"fnMap":{"0":{"name":"(anonymous_0)","decl":{"start":{"line":11,"column":32},"end":{"line":11,"column":33}},"loc":{"start":{"line":15,"column":19},"end":{"line":30,"column":1}},"line":15},"1":{"name":"(anonymous_1)","decl":{"start":{"line":19,"column":24},"end":{"line":19,"column":25}},"loc":{"start":{"line":20,"column":10},"end":{"line":25,"column":12}},"line":20}},"branchMap":{"0":{"loc":{"start":{"line":24,"column":24},"end":{"line":24,"column":68}},"type":"cond-expr","locations":[{"start":{"line":24,"column":56},"end":{"line":24,"column":60}},{"start":{"line":24,"column":63},"end":{"line":24,"column":68}}],"line":24}},"s":{"0":1,"1":1,"2":2,"3":1},"f":{"0":1,"1":2},"b":{"0":[1,1]},"_coverageSchema":"1a1c01bbd47fc00a2c39e90264f33305004495a9","hash":"6f26216b7df914e8844d0b562bf232ea537bfdac"}
,"/Users/fredyzz/Documents/Projects/bon-profit/app/src/components/CategoryCard.tsx": {"path":"/Users/fredyzz/Documents/Projects/bon-profit/app/src/components/CategoryCard.tsx","statementMap":{"0":{"start":{"line":11,"column":28},"end":{"line":19,"column":1}},"1":{"start":{"line":12,"column":2},"end":{"line":18,"column":9}},"2":{"start":{"line":14,"column":21},"end":{"line":14,"column":39}},"3":{"start":{"line":21,"column":15},"end":{"line":44,"column":2}}},"fnMap":{"0":{"name":"(anonymous_0)","decl":{"start":{"line":11,"column":28},"end":{"line":11,"column":29}},"loc":{"start":{"line":12,"column":2},"end":{"line":18,"column":9}},"line":12},"1":{"name":"(anonymous_1)","decl":{"start":{"line":14,"column":15},"end":{"line":14,"column":16}},"loc":{"start":{"line":14,"column":21},"end":{"line":14,"column":39}},"line":14}},"branchMap":{"0":{"loc":{"start":{"line":12,"column":37},"end":{"line":12,"column":66}},"type":"binary-expr","locations":[{"start":{"line":12,"column":37},"end":{"line":12,"column":47}},{"start":{"line":12,"column":51},"end":{"line":12,"column":66}}],"line":12},"1":{"loc":{"start":{"line":16,"column":19},"end":{"line":16,"column":48}},"type":"binary-expr","locations":[{"start":{"line":16,"column":19},"end":{"line":16,"column":29}},{"start":{"line":16,"column":33},"end":{"line":16,"column":48}}],"line":16}},"s":{"0":2,"1":3,"2":1,"3":2},"f":{"0":3,"1":1},"b":{"0":[3,2],"1":[3,2]},"_coverageSchema":"1a1c01bbd47fc00a2c39e90264f33305004495a9","hash":"aa3adb0ca913e7d49c11aa6aee811c749695a02d"}
,"/Users/fredyzz/Documents/Projects/bon-profit/app/src/helpers/login.validator.ts": {"path":"/Users/fredyzz/Documents/Projects/bon-profit/app/src/helpers/login.validator.ts","statementMap":{"0":{"start":{"line":8,"column":33},"end":{"line":32,"column":1}},"1":{"start":{"line":12,"column":25},"end":{"line":12,"column":29}},"2":{"start":{"line":13,"column":24},"end":{"line":13,"column":33}},"3":{"start":{"line":15,"column":2},"end":{"line":19,"column":3}},"4":{"start":{"line":16,"column":4},"end":{"line":16,"column":20}},"5":{"start":{"line":17,"column":4},"end":{"line":17,"column":44}},"6":{"start":{"line":18,"column":4},"end":{"line":18,"column":30}},"7":{"start":{"line":21,"column":2},"end":{"line":29,"column":3}},"8":{"start":{"line":26,"column":4},"end":{"line":26,"column":20}},"9":{"start":{"line":27,"column":4},"end":{"line":27,"column":43}},"10":{"start":{"line":28,"column":4},"end":{"line":28,"column":30}},"11":{"start":{"line":31,"column":2},"end":{"line":31,"column":28}}},"fnMap":{"0":{"name":"(anonymous_0)","decl":{"start":{"line":8,"column":33},"end":{"line":8,"column":34}},"loc":{"start":{"line":11,"column":41},"end":{"line":32,"column":1}},"line":11}},"branchMap":{"0":{"loc":{"start":{"line":15,"column":2},"end":{"line":19,"column":3}},"type":"if","locations":[{"start":{"line":15,"column":2},"end":{"line":19,"column":3}},{"start":{"line":15,"column":2},"end":{"line":19,"column":3}}],"line":15},"1":{"loc":{"start":{"line":15,"column":6},"end":{"line":15,"column":25}},"type":"binary-expr","locations":[{"start":{"line":15,"column":6},"end":{"line":15,"column":12}},{"start":{"line":15,"column":16},"end":{"line":15,"column":25}}],"line":15},"2":{"loc":{"start":{"line":21,"column":2},"end":{"line":29,"column":3}},"type":"if","locations":[{"start":{"line":21,"column":2},"end":{"line":29,"column":3}},{"start":{"line":21,"column":2},"end":{"line":29,"column":3}}],"line":21}},"s":{"0":1,"1":0,"2":0,"3":0,"4":0,"5":0,"6":0,"7":0,"8":0,"9":0,"10":0,"11":0},"f":{"0":0},"b":{"0":[0,0],"1":[0,0],"2":[0,0]},"_coverageSchema":"1a1c01bbd47fc00a2c39e90264f33305004495a9","hash":"aa19cbe4ed2b348d49c8fca85acf93d530aab016"}
,"/Users/fredyzz/Documents/Projects/bon-profit/app/src/images/BonProfit-color.png": {"path":"/Users/fredyzz/Documents/Projects/bon-profit/app/src/images/BonProfit-color.png","statementMap":{"0":{"start":{"line":1,"column":0},"end":{"line":4,"column":6}}},"fnMap":{},"branchMap":{},"s":{"0":1},"f":{},"b":{},"inputSourceMap":null,"_coverageSchema":"1a1c01bbd47fc00a2c39e90264f33305004495a9","hash":"f1cd4602f62d14ce2d60788eca54e9545876e62e"}
,"/Users/fredyzz/Documents/Projects/bon-profit/app/src/screens/auth/LoginScreen.tsx": {"path":"/Users/fredyzz/Documents/Projects/bon-profit/app/src/screens/auth/LoginScreen.tsx","statementMap":{"0":{"start":{"line":21,"column":27},"end":{"line":109,"column":1}},"1":{"start":{"line":22,"column":30},"end":{"line":22,"column":53}},"2":{"start":{"line":23,"column":28},"end":{"line":23,"column":40}},"3":{"start":{"line":24,"column":34},"end":{"line":24,"column":46}},"4":{"start":{"line":26,"column":2},"end":{"line":37,"column":19}},"5":{"start":{"line":27,"column":4},"end":{"line":36,"column":7}},"6":{"start":{"line":29,"column":8},"end":{"line":34,"column":27}},"7":{"start":{"line":32,"column":25},"end":{"line":32,"column":50}},"8":{"start":{"line":39,"column":2},"end":{"line":43,"column":30}},"9":{"start":{"line":40,"column":4},"end":{"line":42,"column":5}},"10":{"start":{"line":41,"column":6},"end":{"line":41,"column":43}},"11":{"start":{"line":45,"column":22},"end":{"line":65,"column":3}},"12":{"start":{"line":46,"column":31},"end":{"line":49,"column":6}},"13":{"start":{"line":50,"column":4},"end":{"line":64,"column":5}},"14":{"start":{"line":51,"column":6},"end":{"line":51,"column":51}},"15":{"start":{"line":57,"column":10},"end":{"line":57,"column":38}},"16":{"start":{"line":58,"column":6},"end":{"line":60,"column":7}},"17":{"start":{"line":59,"column":8},"end":{"line":59,"column":28}},"18":{"start":{"line":61,"column":6},"end":{"line":63,"column":7}},"19":{"start":{"line":62,"column":8},"end":{"line":62,"column":58}},"20":{"start":{"line":67,"column":2},"end":{"line":108,"column":4}},"21":{"start":{"line":79,"column":33},"end":{"line":79,"column":48}},"22":{"start":{"line":87,"column":33},"end":{"line":87,"column":51}},"23":{"start":{"line":101,"column":25},"end":{"line":101,"column":62}},"24":{"start":{"line":111,"column":15},"end":{"line":132,"column":2}}},"fnMap":{"0":{"name":"(anonymous_0)","decl":{"start":{"line":21,"column":27},"end":{"line":21,"column":28}},"loc":{"start":{"line":21,"column":52},"end":{"line":109,"column":1}},"line":21},"1":{"name":"(anonymous_1)","decl":{"start":{"line":26,"column":12},"end":{"line":26,"column":13}},"loc":{"start":{"line":26,"column":18},"end":{"line":37,"column":3}},"line":26},"2":{"name":"(anonymous_2)","decl":{"start":{"line":28,"column":18},"end":{"line":28,"column":19}},"loc":{"start":{"line":29,"column":8},"end":{"line":34,"column":27}},"line":29},"3":{"name":"(anonymous_3)","decl":{"start":{"line":32,"column":19},"end":{"line":32,"column":20}},"loc":{"start":{"line":32,"column":25},"end":{"line":32,"column":50}},"line":32},"4":{"name":"(anonymous_4)","decl":{"start":{"line":39,"column":12},"end":{"line":39,"column":13}},"loc":{"start":{"line":39,"column":18},"end":{"line":43,"column":3}},"line":39},"5":{"name":"(anonymous_5)","decl":{"start":{"line":45,"column":22},"end":{"line":45,"column":23}},"loc":{"start":{"line":45,"column":34},"end":{"line":65,"column":3}},"line":45},"6":{"name":"(anonymous_6)","decl":{"start":{"line":79,"column":24},"end":{"line":79,"column":25}},"loc":{"start":{"line":79,"column":33},"end":{"line":79,"column":48}},"line":79},"7":{"name":"(anonymous_7)","decl":{"start":{"line":87,"column":24},"end":{"line":87,"column":25}},"loc":{"start":{"line":87,"column":33},"end":{"line":87,"column":51}},"line":87},"8":{"name":"(anonymous_8)","decl":{"start":{"line":101,"column":19},"end":{"line":101,"column":20}},"loc":{"start":{"line":101,"column":25},"end":{"line":101,"column":62}},"line":101}},"branchMap":{"0":{"loc":{"start":{"line":40,"column":4},"end":{"line":42,"column":5}},"type":"if","locations":[{"start":{"line":40,"column":4},"end":{"line":42,"column":5}},{"start":{"line":40,"column":4},"end":{"line":42,"column":5}}],"line":40},"1":{"loc":{"start":{"line":50,"column":4},"end":{"line":64,"column":5}},"type":"if","locations":[{"start":{"line":50,"column":4},"end":{"line":64,"column":5}},{"start":{"line":50,"column":4},"end":{"line":64,"column":5}}],"line":50},"2":{"loc":{"start":{"line":58,"column":6},"end":{"line":60,"column":7}},"type":"if","locations":[{"start":{"line":58,"column":6},"end":{"line":60,"column":7}},{"start":{"line":58,"column":6},"end":{"line":60,"column":7}}],"line":58},"3":{"loc":{"start":{"line":61,"column":6},"end":{"line":63,"column":7}},"type":"if","locations":[{"start":{"line":61,"column":6},"end":{"line":63,"column":7}},{"start":{"line":61,"column":6},"end":{"line":63,"column":7}}],"line":61}},"s":{"0":1,"1":1,"2":1,"3":1,"4":1,"5":1,"6":0,"7":0,"8":1,"9":1,"10":1,"11":1,"12":0,"13":0,"14":0,"15":0,"16":0,"17":0,"18":0,"19":0,"20":1,"21":0,"22":0,"23":0,"24":1},"f":{"0":1,"1":1,"2":0,"3":0,"4":1,"5":0,"6":0,"7":0,"8":0},"b":{"0":[1,0],"1":[0,0],"2":[0,0],"3":[0,0]},"_coverageSchema":"1a1c01bbd47fc00a2c39e90264f33305004495a9","hash":"c8308f63be8b07270450d978969e09676a03e52b"}
,"/Users/fredyzz/Documents/Projects/bon-profit/app/src/services/auth/login.ts": {"path":"/Users/fredyzz/Documents/Projects/bon-profit/app/src/services/auth/login.ts","statementMap":{"0":{"start":{"line":19,"column":20},"end":{"line":19,"column":43}},"1":{"start":{"line":20,"column":19},"end":{"line":20,"column":41}},"2":{"start":{"line":22,"column":2},"end":{"line":61,"column":3}},"3":{"start":{"line":25,"column":13},"end":{"line":28,"column":6}},"4":{"start":{"line":30,"column":4},"end":{"line":50,"column":5}},"5":{"start":{"line":31,"column":26},"end":{"line":33,"column":7}},"6":{"start":{"line":37,"column":10},"end":{"line":37,"column":43}},"7":{"start":{"line":39,"column":6},"end":{"line":49,"column":8}},"8":{"start":{"line":52,"column":4},"end":{"line":55,"column":6}},"9":{"start":{"line":57,"column":4},"end":{"line":60,"column":6}}},"fnMap":{"0":{"name":"login","decl":{"start":{"line":15,"column":22},"end":{"line":15,"column":27}},"loc":{"start":{"line":18,"column":30},"end":{"line":62,"column":1}},"line":18}},"branchMap":{"0":{"loc":{"start":{"line":30,"column":4},"end":{"line":50,"column":5}},"type":"if","locations":[{"start":{"line":30,"column":4},"end":{"line":50,"column":5}},{"start":{"line":30,"column":4},"end":{"line":50,"column":5}}],"line":30},"1":{"loc":{"start":{"line":47,"column":18},"end":{"line":47,"column":54}},"type":"cond-expr","locations":[{"start":{"line":47,"column":35},"end":{"line":47,"column":49}},{"start":{"line":47,"column":52},"end":{"line":47,"column":54}}],"line":47}},"s":{"0":0,"1":0,"2":0,"3":0,"4":0,"5":0,"6":0,"7":0,"8":0,"9":0},"f":{"0":0},"b":{"0":[0,0],"1":[0,0]},"_coverageSchema":"1a1c01bbd47fc00a2c39e90264f33305004495a9","hash":"b0443bee326dae476fb9cab878bd6b5e9cda0a98"}
,"/Users/fredyzz/Documents/Projects/bon-profit/app/src/store/context/AuthContext/index.tsx": {"path":"/Users/fredyzz/Documents/Projects/bon-profit/app/src/store/context/AuthContext/index.tsx","statementMap":{"0":{"start":{"line":6,"column":43},"end":{"line":14,"column":1}},"1":{"start":{"line":16,"column":27},"end":{"line":16,"column":64}},"2":{"start":{"line":18,"column":28},"end":{"line":44,"column":1}},"3":{"start":{"line":19,"column":32},"end":{"line":19,"column":73}},"4":{"start":{"line":21,"column":17},"end":{"line":26,"column":3}},"5":{"start":{"line":22,"column":4},"end":{"line":25,"column":7}},"6":{"start":{"line":28,"column":18},"end":{"line":32,"column":3}},"7":{"start":{"line":29,"column":4},"end":{"line":31,"column":7}},"8":{"start":{"line":34,"column":2},"end":{"line":43,"column":4}}},"fnMap":{"0":{"name":"(anonymous_0)","decl":{"start":{"line":18,"column":28},"end":{"line":18,"column":29}},"loc":{"start":{"line":18,"column":69},"end":{"line":44,"column":1}},"line":18},"1":{"name":"(anonymous_1)","decl":{"start":{"line":21,"column":17},"end":{"line":21,"column":18}},"loc":{"start":{"line":21,"column":40},"end":{"line":26,"column":3}},"line":21},"2":{"name":"(anonymous_2)","decl":{"start":{"line":28,"column":18},"end":{"line":28,"column":19}},"loc":{"start":{"line":28,"column":24},"end":{"line":32,"column":3}},"line":28}},"branchMap":{},"s":{"0":1,"1":1,"2":1,"3":0,"4":0,"5":0,"6":0,"7":0,"8":0},"f":{"0":0,"1":0,"2":0},"b":{},"_coverageSchema":"1a1c01bbd47fc00a2c39e90264f33305004495a9","hash":"d6790eba647c40403cb28787a907773b1487e049"}
,"/Users/fredyzz/Documents/Projects/bon-profit/app/src/store/context/AuthContext/reducer.tsx": {"path":"/Users/fredyzz/Documents/Projects/bon-profit/app/src/store/context/AuthContext/reducer.tsx","statementMap":{"0":{"start":{"line":4,"column":2},"end":{"line":23,"column":3}},"1":{"start":{"line":6,"column":6},"end":{"line":10,"column":8}},"2":{"start":{"line":12,"column":6},"end":{"line":20,"column":8}},"3":{"start":{"line":22,"column":6},"end":{"line":22,"column":19}}},"fnMap":{"0":{"name":"authReducer","decl":{"start":{"line":3,"column":16},"end":{"line":3,"column":27}},"loc":{"start":{"line":3,"column":77},"end":{"line":24,"column":1}},"line":3}},"branchMap":{"0":{"loc":{"start":{"line":4,"column":2},"end":{"line":23,"column":3}},"type":"switch","locations":[{"start":{"line":5,"column":4},"end":{"line":10,"column":8}},{"start":{"line":11,"column":4},"end":{"line":20,"column":8}},{"start":{"line":21,"column":4},"end":{"line":22,"column":19}}],"line":4}},"s":{"0":0,"1":0,"2":0,"3":0},"f":{"0":0},"b":{"0":[0,0,0]},"_coverageSchema":"1a1c01bbd47fc00a2c39e90264f33305004495a9","hash":"86ed3c4cfcc3601b12998e4bd724316aec053f06"}
,"/Users/fredyzz/Documents/Projects/bon-profit/app/src/theme/appTheme.tsx": {"path":"/Users/fredyzz/Documents/Projects/bon-profit/app/src/theme/appTheme.tsx","statementMap":{"0":{"start":{"line":4,"column":28},"end":{"line":122,"column":2}}},"fnMap":{},"branchMap":{},"s":{"0":1},"f":{},"b":{},"_coverageSchema":"1a1c01bbd47fc00a2c39e90264f33305004495a9","hash":"307f0532d43950063d31263bd2840ae387eef1d7"}
,"/Users/fredyzz/Documents/Projects/bon-profit/app/src/theme/colors.tsx": {"path":"/Users/fredyzz/Documents/Projects/bon-profit/app/src/theme/colors.tsx","statementMap":{"0":{"start":{"line":1,"column":22},"end":{"line":7,"column":1}}},"fnMap":{},"branchMap":{},"s":{"0":3},"f":{},"b":{},"_coverageSchema":"1a1c01bbd47fc00a2c39e90264f33305004495a9","hash":"967b0f9ccc969fbf907b097b1f810b484eb127ac"}
}
