TN:
SF:.env.js
FN:12,getEnvironment
FNF:1
FNH:1
FNDA:3,getEnvironment
DA:1,3
DA:13,3
DA:16,3
LF:3
LH:3
BRF:0
BRH:0
end_of_record
TN:
SF:src/components/CategoriesSlider.tsx
FN:11,(anonymous_0)
FN:19,(anonymous_1)
FNF:2
FNH:2
FNDA:1,(anonymous_0)
FNDA:2,(anonymous_1)
DA:11,1
DA:16,1
DA:20,2
DA:32,1
LF:4
LH:4
BRDA:24,0,0,1
BRDA:24,0,1,1
BRF:2
BRH:2
end_of_record
TN:
SF:src/components/CategoryCard.tsx
FN:11,(anonymous_0)
FN:14,(anonymous_1)
FNF:2
FNH:2
FNDA:3,(anonymous_0)
FNDA:1,(anonymous_1)
DA:11,2
DA:12,3
DA:14,1
DA:21,2
LF:4
LH:4
BRDA:12,0,0,3
BRDA:12,0,1,2
BRDA:16,1,0,3
BRDA:16,1,1,2
BRF:4
BRH:4
end_of_record
TN:
SF:src/helpers/login.validator.ts
FN:8,(anonymous_0)
FNF:1
FNH:1
FNDA:4,(anonymous_0)
DA:8,3
DA:12,4
DA:13,4
DA:15,4
DA:16,2
DA:17,2
DA:18,2
DA:21,2
DA:26,1
DA:27,1
DA:28,1
DA:31,1
LF:12
LH:12
BRDA:15,0,0,2
BRDA:15,0,1,2
BRDA:15,1,0,4
BRDA:15,1,1,3
BRDA:21,2,0,1
BRDA:21,2,1,1
BRF:6
BRH:6
end_of_record
TN:
SF:src/images/BonProfit-color.png
FNF:0
FNH:0
DA:1,2
LF:1
LH:1
BRF:0
BRH:0
end_of_record
TN:
SF:src/screens/auth/LoginScreen.tsx
FN:21,(anonymous_0)
FN:26,(anonymous_1)
FN:28,(anonymous_2)
FN:32,(anonymous_3)
FN:39,(anonymous_4)
FN:45,(anonymous_5)
FN:79,(anonymous_6)
FN:87,(anonymous_7)
FN:101,(anonymous_8)
FNF:9
FNH:4
FNDA:4,(anonymous_0)
FNDA:4,(anonymous_1)
FNDA:0,(anonymous_2)
FNDA:0,(anonymous_3)
FNDA:4,(anonymous_4)
FNDA:3,(anonymous_5)
FNDA:0,(anonymous_6)
FNDA:0,(anonymous_7)
FNDA:0,(anonymous_8)
DA:21,2
DA:22,4
DA:23,4
DA:24,4
DA:26,4
DA:27,4
DA:29,0
DA:32,0
DA:39,4
DA:40,4
DA:41,1
DA:45,4
DA:46,3
DA:50,3
DA:51,2
DA:57,1
DA:58,1
DA:59,0
DA:61,1
DA:62,1
DA:67,4
DA:79,0
DA:87,0
DA:101,0
DA:111,2
LF:25
LH:19
BRDA:40,0,0,1
BRDA:40,0,1,3
BRDA:50,1,0,2
BRDA:50,1,1,1
BRDA:58,2,0,0
BRDA:58,2,1,1
BRDA:61,3,0,1
BRDA:61,3,1,0
BRF:8
BRH:6
end_of_record
TN:
SF:src/services/auth/login.ts
FN:15,login
FNF:1
FNH:1
FNDA:3,login
DA:19,3
DA:20,3
DA:22,3
DA:25,3
DA:30,2
DA:31,1
DA:37,1
DA:39,1
DA:52,1
DA:57,1
LF:10
LH:10
BRDA:30,0,0,1
BRDA:30,0,1,1
BRDA:47,1,0,1
BRDA:47,1,1,0
BRF:4
BRH:3
end_of_record
TN:
SF:src/theme/appTheme.tsx
FNF:0
FNH:0
DA:4,2
LF:1
LH:1
BRF:0
BRH:0
end_of_record
TN:
SF:src/theme/colors.tsx
FNF:0
FNH:0
DA:1,4
LF:1
LH:1
BRF:0
BRH:0
end_of_record
