TN:
SF:.env.js
FN:15,getEnvironment
FNF:1
FNH:1
FNDA:7,getEnvironment
DA:1,7
DA:16,7
DA:19,7
LF:3
LH:3
BRF:0
BRH:0
end_of_record
TN:
SF:src/components/CartItemCard.tsx
FN:14,(anonymous_0)
FNF:1
FNH:0
FNDA:0,(anonymous_0)
DA:14,1
DA:15,0
DA:48,1
LF:3
LH:2
BRF:0
BRH:0
end_of_record
TN:
SF:src/components/CategoriesSlider.tsx
FN:11,(anonymous_0)
FN:19,(anonymous_1)
FNF:2
FNH:2
FNDA:2,(anonymous_0)
FNDA:4,(anonymous_1)
DA:11,2
DA:16,2
DA:20,4
DA:32,2
LF:4
LH:4
BRDA:24,0,0,2
BRDA:24,0,1,2
BRF:2
BRH:2
end_of_record
TN:
SF:src/components/CategoryCard.tsx
FN:11,(anonymous_0)
FN:14,(anonymous_1)
FNF:2
FNH:2
FNDA:6,(anonymous_0)
FNDA:2,(anonymous_1)
DA:11,4
DA:12,6
DA:14,2
DA:21,4
LF:4
LH:4
BRDA:12,0,0,6
BRDA:12,0,1,4
BRDA:16,1,0,6
BRDA:16,1,1,4
BRF:4
BRH:4
end_of_record
TN:
SF:src/helpers/cart.helper.ts
FN:4,(anonymous_0)
FN:5,(anonymous_1)
FN:9,(anonymous_2)
FN:17,(anonymous_3)
FN:30,(anonymous_4)
FN:31,(anonymous_5)
FNF:6
FNH:2
FNDA:1,(anonymous_0)
FNDA:0,(anonymous_1)
FNDA:0,(anonymous_2)
FNDA:0,(anonymous_3)
FNDA:1,(anonymous_4)
FNDA:0,(anonymous_5)
DA:4,1
DA:5,1
DA:9,0
DA:10,0
DA:16,0
DA:17,0
DA:19,0
DA:24,0
DA:27,1
DA:30,1
DA:31,1
DA:32,0
DA:33,0
DA:36,1
LF:14
LH:6
BRDA:9,0,0,0
BRDA:9,0,1,0
BRF:2
BRH:0
end_of_record
TN:
SF:src/helpers/login.validator.ts
FN:8,(anonymous_0)
FNF:1
FNH:1
FNDA:4,(anonymous_0)
DA:8,3
DA:12,4
DA:13,4
DA:15,4
DA:16,2
DA:17,2
DA:18,2
DA:21,2
DA:26,1
DA:27,1
DA:28,1
DA:31,1
LF:12
LH:12
BRDA:15,0,0,2
BRDA:15,0,1,2
BRDA:15,1,0,4
BRDA:15,1,1,3
BRDA:21,2,0,1
BRDA:21,2,1,1
BRF:6
BRH:6
end_of_record
TN:
SF:src/hooks/UseAuth.tsx
FN:5,(anonymous_0)
FN:8,(anonymous_1)
FNF:2
FNH:2
FNDA:1,(anonymous_0)
FNDA:1,(anonymous_1)
DA:5,1
DA:6,1
DA:7,1
DA:8,1
DA:9,1
DA:10,0
DA:14,1
LF:7
LH:6
BRDA:9,0,0,0
BRDA:9,0,1,1
BRF:2
BRH:1
end_of_record
TN:
SF:src/images/BonProfit-color.png
FNF:0
FNH:0
DA:1,2
LF:1
LH:1
BRF:0
BRH:0
end_of_record
TN:
SF:src/screens/CartScreen/index.tsx
FN:18,(anonymous_0)
FN:28,(anonymous_1)
FN:33,(anonymous_2)
FN:36,(anonymous_3)
FN:40,(anonymous_4)
FN:43,(anonymous_5)
FN:50,(anonymous_6)
FN:56,(anonymous_7)
FN:64,(anonymous_8)
FN:67,(anonymous_9)
FN:68,(anonymous_10)
FN:80,(anonymous_11)
FN:89,(anonymous_12)
FNF:13
FNH:3
FNDA:1,(anonymous_0)
FNDA:1,(anonymous_1)
FNDA:0,(anonymous_2)
FNDA:0,(anonymous_3)
FNDA:0,(anonymous_4)
FNDA:0,(anonymous_5)
FNDA:1,(anonymous_6)
FNDA:0,(anonymous_7)
FNDA:0,(anonymous_8)
FNDA:0,(anonymous_9)
FNDA:0,(anonymous_10)
FNDA:0,(anonymous_11)
FNDA:0,(anonymous_12)
DA:18,1
DA:19,1
DA:20,1
DA:26,1
DA:28,1
DA:29,1
DA:34,0
DA:36,0
DA:41,0
DA:43,0
DA:50,1
DA:51,1
DA:52,1
DA:56,1
DA:57,0
DA:58,0
DA:59,0
DA:60,0
DA:64,1
DA:65,0
DA:67,0
DA:68,0
DA:72,1
DA:80,0
DA:89,0
DA:101,1
LF:26
LH:13
BRDA:51,0,0,1
BRDA:51,0,1,0
BRDA:56,1,0,0
BRDA:58,2,0,0
BRDA:58,2,1,0
BRDA:72,3,0,1
BRDA:72,3,1,0
BRF:7
BRH:2
end_of_record
TN:
SF:src/screens/auth/LoginScreen.tsx
FN:29,(anonymous_0)
FN:35,(anonymous_1)
FN:43,(anonymous_2)
FN:55,(anonymous_3)
FN:62,(anonymous_4)
FN:67,(anonymous_5)
FN:75,(anonymous_6)
FN:79,(anonymous_7)
FN:119,(anonymous_8)
FN:127,(anonymous_9)
FN:141,(anonymous_10)
FNF:11
FNH:6
FNDA:4,(anonymous_0)
FNDA:0,(anonymous_1)
FNDA:3,(anonymous_2)
FNDA:4,(anonymous_3)
FNDA:0,(anonymous_4)
FNDA:4,(anonymous_5)
FNDA:4,(anonymous_6)
FNDA:3,(anonymous_7)
FNDA:0,(anonymous_8)
FNDA:0,(anonymous_9)
FNDA:0,(anonymous_10)
DA:25,2
DA:29,2
DA:30,4
DA:31,4
DA:32,4
DA:33,4
DA:35,4
DA:36,0
DA:37,0
DA:39,0
DA:43,4
DA:44,3
DA:45,3
DA:47,3
DA:48,0
DA:51,0
DA:55,4
DA:56,4
DA:57,0
DA:58,0
DA:62,4
DA:63,0
DA:64,0
DA:67,4
DA:68,4
DA:69,1
DA:71,3
DA:75,4
DA:76,4
DA:79,4
DA:80,3
DA:84,3
DA:85,2
DA:91,1
DA:92,1
DA:93,0
DA:94,0
DA:95,0
DA:97,1
DA:98,1
DA:103,4
DA:119,0
DA:127,0
DA:141,0
DA:153,2
LF:45
LH:30
BRDA:47,0,0,0
BRDA:47,0,1,3
BRDA:56,1,0,0
BRDA:56,1,1,4
BRDA:68,2,0,1
BRDA:68,2,1,3
BRDA:84,3,0,2
BRDA:84,3,1,1
BRDA:92,4,0,0
BRDA:92,4,1,1
BRDA:92,5,0,1
BRDA:92,5,1,0
BRDA:97,6,0,1
BRDA:97,6,1,0
BRDA:106,7,0,4
BRDA:106,7,1,0
BRF:16
BRH:10
end_of_record
TN:
SF:src/services/cart.ts
FN:9,(anonymous_0)
FNF:1
FNH:1
FNDA:2,(anonymous_0)
DA:9,2
DA:13,2
DA:16,2
DA:17,2
DA:18,1
DA:22,1
LF:6
LH:6
BRF:0
BRH:0
end_of_record
TN:
SF:src/services/auth/login.ts
FN:16,(anonymous_0)
FN:26,login
FNF:2
FNH:1
FNDA:0,(anonymous_0)
FNDA:3,login
DA:16,3
DA:17,0
DA:18,0
DA:19,0
DA:21,0
DA:22,0
DA:31,3
DA:32,3
DA:33,3
DA:34,3
DA:36,3
DA:37,3
DA:38,3
DA:43,2
DA:44,2
DA:47,2
DA:48,1
DA:54,1
DA:56,1
DA:69,1
DA:74,1
LF:21
LH:16
BRDA:37,0,0,3
BRDA:37,0,1,0
BRDA:47,1,0,1
BRDA:47,1,1,1
BRDA:64,2,0,1
BRDA:64,2,1,0
BRF:6
BRH:4
end_of_record
TN:
SF:src/theme/appTheme.tsx
FNF:0
FNH:0
DA:4,3
LF:1
LH:1
BRF:0
BRH:0
end_of_record
TN:
SF:src/theme/colors.tsx
FNF:0
FNH:0
DA:1,7
LF:1
LH:1
BRF:0
BRH:0
end_of_record
